<?xml version="1.0" encoding="UTF-8"?>
<testsuite xmlns:xsi="http://www.w3.org/2001/XMLSchema-instance" xsi:noNamespaceSchemaLocation="https://maven.apache.org/surefire/maven-surefire-plugin/xsd/surefire-test-report-3.0.xsd" version="3.0" name="MainTest" time="0.207" tests="1" errors="0" skipped="0" failures="0">
  <properties>
    <property name="java.specification.version" value="25"/>
    <property name="sun.jnu.encoding" value="UTF-8"/>
    <property name="java.class.path" value="/Users/justinadaskevich/Downloads/kataPreProjectSpring2/target/test-classes:/Users/justinadaskevich/Downloads/kataPreProjectSpring2/target/classes:/Users/justinadaskevich/.m2/repository/org/springframework/spring-core/5.3.14/spring-core-5.3.14.jar:/Users/justinadaskevich/.m2/repository/org/springframework/spring-jcl/5.3.14/spring-jcl-5.3.14.jar:/Users/justinadaskevich/.m2/repository/org/springframework/spring-context/5.3.14/spring-context-5.3.14.jar:/Users/justinadaskevich/.m2/repository/org/springframework/spring-aop/5.3.14/spring-aop-5.3.14.jar:/Users/justinadaskevich/.m2/repository/org/springframework/spring-beans/5.3.14/spring-beans-5.3.14.jar:/Users/justinadaskevich/.m2/repository/org/springframework/spring-expression/5.3.14/spring-expression-5.3.14.jar:/Users/justinadaskevich/.m2/repository/org/springframework/spring-test/5.3.14/spring-test-5.3.14.jar:/Users/justinadaskevich/.m2/repository/org/scalatestplus/junit-4-12_2.13/3.2.2.0/junit-4-12_2.13-3.2.2.0.jar:/Users/justinadaskevich/.m2/repository/org/scala-lang/scala-library/2.13.3/scala-library-2.13.3.jar:/Users/justinadaskevich/.m2/repository/org/scalatest/scalatest-core_2.13/3.2.2/scalatest-core_2.13-3.2.2.jar:/Users/justinadaskevich/.m2/repository/org/scalatest/scalatest-compatible/3.2.2/scalatest-compatible-3.2.2.jar:/Users/justinadaskevich/.m2/repository/org/scalactic/scalactic_2.13/3.2.2/scalactic_2.13-3.2.2.jar:/Users/justinadaskevich/.m2/repository/org/scala-lang/scala-reflect/2.13.3/scala-reflect-2.13.3.jar:/Users/justinadaskevich/.m2/repository/org/scala-lang/modules/scala-xml_2.13/1.2.0/scala-xml_2.13-1.2.0.jar:/Users/justinadaskevich/.m2/repository/junit/junit/4.12/junit-4.12.jar:/Users/justinadaskevich/.m2/repository/org/hamcrest/hamcrest-core/1.3/hamcrest-core-1.3.jar:"/>
    <property name="java.vm.vendor" value="Homebrew"/>
    <property name="sun.arch.data.model" value="64"/>
    <property name="java.vendor.url" value="https://github.com/Homebrew/homebrew-core/issues"/>
    <property name="os.name" value="Mac OS X"/>
    <property name="java.vm.specification.version" value="25"/>
    <property name="sun.java.launcher" value="SUN_STANDARD"/>
    <property name="user.country" value="GB"/>
    <property name="sun.boot.library.path" value="/opt/homebrew/Cellar/openjdk/25/libexec/openjdk.jdk/Contents/Home/lib"/>
    <property name="sun.java.command" value="/Users/justinadaskevich/Downloads/kataPreProjectSpring2/target/surefire/surefirebooter-20251017043124872_3.jar /Users/justinadaskevich/Downloads/kataPreProjectSpring2/target/surefire 2025-10-17T04-31-24_827-jvmRun1 surefire-20251017043124872_1tmp surefire_0-20251017043124872_2tmp"/>
    <property name="http.nonProxyHosts" value="local|*.local|169.254/16|*.169.254/16"/>
    <property name="jdk.debug" value="release"/>
    <property name="surefire.test.class.path" value="/Users/justinadaskevich/Downloads/kataPreProjectSpring2/target/test-classes:/Users/justinadaskevich/Downloads/kataPreProjectSpring2/target/classes:/Users/justinadaskevich/.m2/repository/org/springframework/spring-core/5.3.14/spring-core-5.3.14.jar:/Users/justinadaskevich/.m2/repository/org/springframework/spring-jcl/5.3.14/spring-jcl-5.3.14.jar:/Users/justinadaskevich/.m2/repository/org/springframework/spring-context/5.3.14/spring-context-5.3.14.jar:/Users/justinadaskevich/.m2/repository/org/springframework/spring-aop/5.3.14/spring-aop-5.3.14.jar:/Users/justinadaskevich/.m2/repository/org/springframework/spring-beans/5.3.14/spring-beans-5.3.14.jar:/Users/justinadaskevich/.m2/repository/org/springframework/spring-expression/5.3.14/spring-expression-5.3.14.jar:/Users/justinadaskevich/.m2/repository/org/springframework/spring-test/5.3.14/spring-test-5.3.14.jar:/Users/justinadaskevich/.m2/repository/org/scalatestplus/junit-4-12_2.13/3.2.2.0/junit-4-12_2.13-3.2.2.0.jar:/Users/justinadaskevich/.m2/repository/org/scala-lang/scala-library/2.13.3/scala-library-2.13.3.jar:/Users/justinadaskevich/.m2/repository/org/scalatest/scalatest-core_2.13/3.2.2/scalatest-core_2.13-3.2.2.jar:/Users/justinadaskevich/.m2/repository/org/scalatest/scalatest-compatible/3.2.2/scalatest-compatible-3.2.2.jar:/Users/justinadaskevich/.m2/repository/org/scalactic/scalactic_2.13/3.2.2/scalactic_2.13-3.2.2.jar:/Users/justinadaskevich/.m2/repository/org/scala-lang/scala-reflect/2.13.3/scala-reflect-2.13.3.jar:/Users/justinadaskevich/.m2/repository/org/scala-lang/modules/scala-xml_2.13/1.2.0/scala-xml_2.13-1.2.0.jar:/Users/justinadaskevich/.m2/repository/junit/junit/4.12/junit-4.12.jar:/Users/justinadaskevich/.m2/repository/org/hamcrest/hamcrest-core/1.3/hamcrest-core-1.3.jar:"/>
    <property name="sun.cpu.endian" value="little"/>
    <property name="user.home" value="/Users/justinadaskevich"/>
    <property name="user.language" value="en"/>
    <property name="java.specification.vendor" value="Oracle Corporation"/>
    <property name="java.version.date" value="2025-09-16"/>
    <property name="java.home" value="/opt/homebrew/Cellar/openjdk/25/libexec/openjdk.jdk/Contents/Home"/>
    <property name="file.separator" value="/"/>
    <property name="basedir" value="/Users/justinadaskevich/Downloads/kataPreProjectSpring2"/>
    <property name="java.vm.compressedOopsMode" value="Zero based"/>
    <property name="line.separator" value="&#10;"/>
    <property name="java.vm.specification.vendor" value="Oracle Corporation"/>
    <property name="java.specification.name" value="Java Platform API Specification"/>
    <property name="apple.awt.application.name" value="ForkedBooter"/>
    <property name="surefire.real.class.path" value="/Users/justinadaskevich/Downloads/kataPreProjectSpring2/target/surefire/surefirebooter-20251017043124872_3.jar"/>
    <property name="sun.management.compiler" value="HotSpot 64-Bit Tiered Compilers"/>
    <property name="ftp.nonProxyHosts" value="local|*.local|169.254/16|*.169.254/16"/>
    <property name="java.runtime.version" value="25"/>
    <property name="user.name" value="justinadaskevich"/>
    <property name="stdout.encoding" value="UTF-8"/>
    <property name="path.separator" value=":"/>
    <property name="os.version" value="15.6.1"/>
    <property name="java.runtime.name" value="OpenJDK Runtime Environment"/>
    <property name="file.encoding" value="UTF-8"/>
    <property name="java.vm.name" value="OpenJDK 64-Bit Server VM"/>
    <property name="java.vendor.version" value="Homebrew"/>
    <property name="localRepository" value="/Users/justinadaskevich/.m2/repository"/>
    <property name="java.vendor.url.bug" value="https://github.com/Homebrew/homebrew-core/issues"/>
    <property name="java.io.tmpdir" value="/var/folders/d3/9pl7t8ls5h7_sb5dh6gv594m0000gn/T/"/>
    <property name="java.version" value="25"/>
    <property name="user.dir" value="/Users/justinadaskevich/Downloads/kataPreProjectSpring2"/>
    <property name="os.arch" value="aarch64"/>
    <property name="java.vm.specification.name" value="Java Virtual Machine Specification"/>
    <property name="native.encoding" value="UTF-8"/>
    <property name="java.library.path" value="/Users/justinadaskevich/Library/Java/Extensions:/Library/Java/Extensions:/Network/Library/Java/Extensions:/System/Library/Java/Extensions:/usr/lib/java:."/>
    <property name="java.vm.info" value="mixed mode, sharing"/>
    <property name="stderr.encoding" value="UTF-8"/>
    <property name="java.vendor" value="Homebrew"/>
    <property name="java.vm.version" value="25"/>
    <property name="stdin.encoding" value="UTF-8"/>
    <property name="sun.io.unicode.encoding" value="UnicodeBig"/>
    <property name="socksNonProxyHosts" value="local|*.local|169.254/16|*.169.254/16"/>
    <property name="java.class.version" value="69.0"/>
  </properties>
  <testcase name="mainTest" classname="MainTest" time="0.003">
    <system-out><![CDATA[39939916268166
39939916268166
39939916268166
39939916268166
]]></system-out>
    <system-err><![CDATA[Oct 17, 2025 4:31:25 AM org.springframework.test.context.support.AbstractTestContextBootstrapper getDefaultTestExecutionListenerClassNames
INFO: Loaded default TestExecutionListener class names from location [META-INF/spring.factories]: [org.springframework.test.context.web.ServletTestExecutionListener, org.springframework.test.context.support.DirtiesContextBeforeModesTestExecutionListener, org.springframework.test.context.event.ApplicationEventsTestExecutionListener, org.springframework.test.context.support.DependencyInjectionTestExecutionListener, org.springframework.test.context.support.DirtiesContextTestExecutionListener, org.springframework.test.context.transaction.TransactionalTestExecutionListener, org.springframework.test.context.jdbc.SqlScriptsTestExecutionListener, org.springframework.test.context.event.EventPublishingTestExecutionListener]
Oct 17, 2025 4:31:25 AM org.springframework.test.context.support.AbstractTestContextBootstrapper getTestExecutionListeners
INFO: Using TestExecutionListeners: [org.springframework.test.context.support.DirtiesContextBeforeModesTestExecutionListener@4d339552, org.springframework.test.context.event.ApplicationEventsTestExecutionListener@f0f2775, org.springframework.test.context.support.DependencyInjectionTestExecutionListener@5a4aa2f2, org.springframework.test.context.support.DirtiesContextTestExecutionListener@6591f517, org.springframework.test.context.event.EventPublishingTestExecutionListener@345965f2]
]]></system-err>
  </testcase>
</testsuite>